
  Task 1
___________________________
  418  find /etc -type f > one.txt 2>two.txt
  419  cat one.txt 
  420  clear
  421  cat two.txt 
  422  touch Assignment2.txt
  423  vi Assignment2.txt 
  424  clear
Task 2
___________________________
  425  head Global\ YouTube\ Statistics.csv 
  426  cut -d ',' -f 19,20 Global\ YouTube\ Statistics.csv 
  427  clear
  428  cut -d ',' -f 20,21  Global\ YouTube\ Statistics.csv 
  429  cut -d ',' -f 20,21  Global\ YouTube\ Statistics.csv > created.txt
  430  sort Global\ YouTube\ Statistics.csv 
  431  sort created.txt 
  432  cat created.txt 
  433  clear
  434  sort created.txt | uniq -c >created.txt
  435  cat created.txt 
  436  cut -d ',' -f 20,21 Global\ YouTube\ Statistics.csv > created.txt 
  437  head created.txt 
  438  sort created.txt > created.txt 
  439  head created.txt 
  440  cat created.txt 
  441  cut -d ',' -f 20,21 Global\ YouTube\ Statistics.csv > created.txt 
  442  head created.txt 
  443  sort -n created.txt 
  444  sort -n created.txt > created.txt 
  445  head created.txt 
  446  cat created.txt 
  447  ls
  448  cut -d ',' -f 20,21 Global\ YouTube\ Statistics.csv > created.txt 
  449  sort -n created.txt > created.txt 
  450  cat created.txt 
  451  cut -d ',' -f 20,21 Global\ YouTube\ Statistics.csv > created.txt 
  452  cat created.txt 
  453  sort -n created.txt 
  454  man sort
  455  sort -no created.txt 
  456  ls
  457  cd cs131/
  458  cd Assignment2
  459  ls
  460  cat created.txt 
  461  sort -o created.txt created.txt 
  462  head created.txt 
  463  uniq -c created.txt > created.txt 
  464  head 
  465  vi file.txt
  466  ps -u $USER
  467  cd cs131/
  468  cd Assignment2
  469  head created.txt 
  470  cut -d ',' -f 20,21 Global\ YouTube\ Statistics.csv > created.txt 
  471  head created.txt 
  472  sort -o created.txt created.txt 
  473  man uniq
  474  uniq -c created.txt > countsCreated.txt
  475  cat countsCreated.txt 
  476  sort -o countsCreated.txt countsCreated.txt 
  477  cat countsCreated.txt 
  478  clear
  479  cat countsCreated.txt 
  480  sort -n  countsCreated.txt 
  481  sort -no created.txt  created.txt 
  482  sort -no countsCreated.txt countsCreated.txt 
  483  tail countsCreated.txt 
  484  rm created.txt 
  485  ls
  486  vi Assignment2.txt 
  487  man ps
  488  ps -u acesp24
  489  vi Assignment2.txt
Task 3
_____________________ 
  490  ps -u $USER
  491  vi Assignment2.txt 
  492  man ps
Task 4
________________________
  493  ps -p 1
  494  man pgrep
  495  pgrep -x systemd
  496  vi Assignment2.txt 
  497  cat Assignment2.txt 
  498  ls
  499  cd ..
  500  git status
  501  git add Assignment2/
  502  git status
  503  git commit -m "Assignment2"
  504  git push -u origin master
